#
# A fatal error has been detected by the Java Runtime Environment:
#
#  Internal Error (block.cpp:141), pid=7444, tid=6576
#  Error: ShouldNotReachHere()
#
# JRE version: Java(TM) SE Runtime Environment (18.0.2+9) (build 18.0.2+9-61)
# Java VM: Java HotSpot(TM) 64-Bit Server VM (18.0.2+9-61, mixed mode, sharing, tiered, compressed oops, compressed class ptrs, g1 gc, windows-amd64)
# No core dump will be written. Minidumps are not enabled by default on client versions of Windows
#
# If you would like to submit a bug report, please visit:
#   https://bugreport.java.com/bugreport/crash.jsp
#

---------------  S U M M A R Y ------------

Command Line: -agentlib:jdwp=transport=dt_socket,server=y,suspend=n,address=*:8001 -javaagent:C:\Program Files\JetBrains\IntelliJ IDEA Community Edition 2022.2\lib\idea_rt.jar=58390:C:\Program Files\JetBrains\IntelliJ IDEA Community Edition 2022.2\bin -Dfile.encoding=UTF-8 com.eds.edstest.EdstestApplication

Host: Intel(R) Core(TM) i3-3110M CPU @ 2.40GHz, 4 cores, 11G,  Windows 10 , 64 bit Build 19041 (10.0.19041.3393)
Time: Tue Sep  5 11:18:05 2023 Hora oficial do Brasil elapsed time: 14.272528 seconds (0d 0h 0m 14s)

---------------  T H R E A D  ---------------

Current thread (0x00000209ea4d3460):  JavaThread "C2 CompilerThread1" daemon [_thread_in_native, id=6576, stack(0x000000ff02700000,0x000000ff02800000)]


Current CompileTask:
C2:  14272 5323   !   4       org.springframework.core.annotation.AnnotationsScanner::processClassHierarchy (234 bytes)

Stack: [0x000000ff02700000,0x000000ff02800000]
Native frames: (J=compiled Java code, j=interpreted, Vv=VM code, C=native code)
V  [jvm.dll+0x6993ca]
V  [jvm.dll+0x7f481d]
V  [jvm.dll+0x7f612e]
V  [jvm.dll+0x7f6797]
V  [jvm.dll+0x25cd0a]
V  [jvm.dll+0x25cc43]
V  [jvm.dll+0x133fa3]
V  [jvm.dll+0x133fce]
V  [jvm.dll+0x6c3809]
V  [jvm.dll+0x6c2a76]
V  [jvm.dll+0x1d2c74]
V  [jvm.dll+0x2300a9]
V  [jvm.dll+0x22f321]
V  [jvm.dll+0x1ba01c]
V  [jvm.dll+0x23ec9a]
V  [jvm.dll+0x23cf85]
V  [jvm.dll+0x7a6e21]
V  [jvm.dll+0x7a125a]
V  [jvm.dll+0x698275]
C  [ucrtbase.dll+0x21bb2]
C  [KERNEL32.DLL+0x17344]
C  [ntdll.dll+0x526b1]


---------------  P R O C E S S  ---------------

Threads class SMR info:
_java_thread_list=0x00000209ec1f9c30, length=32, elements={
0x00000209e4b0f3e0, 0x00000209e4b10090, 0x00000209e4b27ce0, 0x00000209e4b28590,
0x00000209e4b2ae50, 0x00000209e4b2b980, 0x00000209e4b37fb0, 0x00000209e4b3b8c0,
0x00000209e4b47e80, 0x00000209e4bae610, 0x00000209e8ef0650, 0x00000209e8eceb80,
0x00000209e90c98a0, 0x00000209e8f37b10, 0x00000209eb6b4450, 0x00000209e96bfa90,
0x00000209e96bff60, 0x00000209e96c1770, 0x00000209ea4d3460, 0x00000209e96be750,
0x00000209e96c12a0, 0x00000209e96bf5c0, 0x00000209ebaf0230, 0x00000209ebaedbb0,
0x00000209ebaec3a0, 0x00000209ebaef3c0, 0x00000209ebaefd60, 0x00000209ebaebed0,
0x00000209ebaf10a0, 0x00000209ebaeeef0, 0x00000209ebaecd40, 0x00000209ebaee080
}

Java Threads: ( => current thread )
  0x00000209e4b0f3e0 JavaThread "Reference Handler" daemon [_thread_blocked, id=11904, stack(0x000000ff01400000,0x000000ff01500000)]
  0x00000209e4b10090 JavaThread "Finalizer" daemon [_thread_blocked, id=12272, stack(0x000000ff01500000,0x000000ff01600000)]
  0x00000209e4b27ce0 JavaThread "Signal Dispatcher" daemon [_thread_blocked, id=4408, stack(0x000000ff01600000,0x000000ff01700000)]
  0x00000209e4b28590 JavaThread "Attach Listener" daemon [_thread_blocked, id=11552, stack(0x000000ff01700000,0x000000ff01800000)]
  0x00000209e4b2ae50 JavaThread "Service Thread" daemon [_thread_blocked, id=6332, stack(0x000000ff01800000,0x000000ff01900000)]
  0x00000209e4b2b980 JavaThread "Monitor Deflation Thread" daemon [_thread_blocked, id=7524, stack(0x000000ff01900000,0x000000ff01a00000)]
  0x00000209e4b37fb0 JavaThread "C2 CompilerThread0" daemon [_thread_in_native, id=8668, stack(0x000000ff01a00000,0x000000ff01b00000)]
  0x00000209e4b3b8c0 JavaThread "C1 CompilerThread0" daemon [_thread_blocked, id=10312, stack(0x000000ff01b00000,0x000000ff01c00000)]
  0x00000209e4b47e80 JavaThread "Sweeper thread" daemon [_thread_blocked, id=4984, stack(0x000000ff01c00000,0x000000ff01d00000)]
  0x00000209e4bae610 JavaThread "Common-Cleaner" daemon [_thread_blocked, id=744, stack(0x000000ff01d00000,0x000000ff01e00000)]
  0x00000209e8ef0650 JavaThread "JDWP Transport Listener: dt_socket" daemon [_thread_in_native, id=11364, stack(0x000000ff01e00000,0x000000ff01f00000)]
  0x00000209e8eceb80 JavaThread "JDWP Event Helper Thread" daemon [_thread_blocked, id=10980, stack(0x000000ff01f00000,0x000000ff02000000)]
  0x00000209e90c98a0 JavaThread "Monitor Ctrl-Break" daemon [_thread_in_native, id=7344, stack(0x000000ff02100000,0x000000ff02200000)]
  0x00000209e8f37b10 JavaThread "Notification Thread" daemon [_thread_blocked, id=11972, stack(0x000000ff02200000,0x000000ff02300000)]
  0x00000209eb6b4450 JavaThread "HikariPool-1 housekeeper" daemon [_thread_blocked, id=11892, stack(0x000000ff02800000,0x000000ff02900000)]
  0x00000209e96bfa90 JavaThread "Catalina-utility-1" [_thread_blocked, id=6756, stack(0x000000ff02a00000,0x000000ff02b00000)]
  0x00000209e96bff60 JavaThread "Catalina-utility-2" [_thread_blocked, id=7752, stack(0x000000ff02b00000,0x000000ff02c00000)]
  0x00000209e96c1770 JavaThread "container-0" [_thread_blocked, id=6300, stack(0x000000ff02c00000,0x000000ff02d00000)]
=>0x00000209ea4d3460 JavaThread "C2 CompilerThread1" daemon [_thread_in_native, id=6576, stack(0x000000ff02700000,0x000000ff02800000)]
  0x00000209e96be750 JavaThread "http-nio-8080-exec-1" daemon [_thread_blocked, id=11864, stack(0x000000ff02900000,0x000000ff02a00000)]
  0x00000209e96c12a0 JavaThread "http-nio-8080-exec-2" daemon [_thread_blocked, id=6168, stack(0x000000ff02d00000,0x000000ff02e00000)]
  0x00000209e96bf5c0 JavaThread "http-nio-8080-exec-3" daemon [_thread_blocked, id=11288, stack(0x000000ff02e00000,0x000000ff02f00000)]
  0x00000209ebaf0230 JavaThread "http-nio-8080-exec-4" daemon [_thread_blocked, id=2816, stack(0x000000ff02f00000,0x000000ff03000000)]
  0x00000209ebaedbb0 JavaThread "http-nio-8080-exec-5" daemon [_thread_blocked, id=9716, stack(0x000000ff03000000,0x000000ff03100000)]
  0x00000209ebaec3a0 JavaThread "http-nio-8080-exec-6" daemon [_thread_blocked, id=872, stack(0x000000ff03100000,0x000000ff03200000)]
  0x00000209ebaef3c0 JavaThread "http-nio-8080-exec-7" daemon [_thread_blocked, id=7936, stack(0x000000ff03200000,0x000000ff03300000)]
  0x00000209ebaefd60 JavaThread "http-nio-8080-exec-8" daemon [_thread_blocked, id=1004, stack(0x000000ff03300000,0x000000ff03400000)]
  0x00000209ebaebed0 JavaThread "http-nio-8080-exec-9" daemon [_thread_blocked, id=5504, stack(0x000000ff03400000,0x000000ff03500000)]
  0x00000209ebaf10a0 JavaThread "http-nio-8080-exec-10" daemon [_thread_blocked, id=4480, stack(0x000000ff03500000,0x000000ff03600000)]
  0x00000209ebaeeef0 JavaThread "http-nio-8080-Poller" daemon [_thread_in_native, id=3848, stack(0x000000ff03600000,0x000000ff03700000)]
  0x00000209ebaecd40 JavaThread "http-nio-8080-Acceptor" daemon [_thread_in_native, id=11356, stack(0x000000ff03700000,0x000000ff03800000)]
  0x00000209ebaee080 JavaThread "DestroyJavaVM" [_thread_blocked, id=7140, stack(0x000000ff00d00000,0x000000ff00e00000)]

Other Threads:
  0x00000209e4b0a4c0 VMThread "VM Thread" [stack: 0x000000ff01300000,0x000000ff01400000] [id=11588]
  0x00000209e915aa60 WatcherThread "VM Periodic Task Thread" [stack: 0x000000ff02300000,0x000000ff02400000] [id=10724]
  0x00000209c4c6b9f0 WorkerThread "GC Thread#0" [stack: 0x000000ff00e00000,0x000000ff00f00000] [id=1432]
  0x00000209e95fbb90 WorkerThread "GC Thread#1" [stack: 0x000000ff02400000,0x000000ff02500000] [id=4316]
  0x00000209e946cf20 WorkerThread "GC Thread#2" [stack: 0x000000ff02500000,0x000000ff02600000] [id=12072]
  0x00000209e946d1c0 WorkerThread "GC Thread#3" [stack: 0x000000ff02600000,0x000000ff02700000] [id=11324]
  0x00000209c4c796c0 ConcurrentGCThread "G1 Main Marker" [stack: 0x000000ff00f00000,0x000000ff01000000] [id=2200]
  0x00000209c4c79fd0 WorkerThread "G1 Conc#0" [stack: 0x000000ff01000000,0x000000ff01100000] [id=2320]
  0x00000209e49cc160 ConcurrentGCThread "G1 Refine#0" [stack: 0x000000ff01100000,0x000000ff01200000] [id=2068]
  0x00000209ebf32060 ConcurrentGCThread "G1 Refine#1" [stack: 0x000000ff02000000,0x000000ff02100000] [id=5732]
  0x00000209e49cc820 ConcurrentGCThread "G1 Service" [stack: 0x000000ff01200000,0x000000ff01300000] [id=5612]

Threads with active compile tasks:
C2 CompilerThread0    14332 5322       4       org.springframework.transaction.interceptor.TransactionAttributeSourcePointcut::matches (27 bytes)
C2 CompilerThread1    14332 5323   !   4       org.springframework.core.annotation.AnnotationsScanner::processClassHierarchy (234 bytes)

VM state: not at safepoint (normal execution)

VM Mutex/Monitor currently owned by a thread: None

Heap address: 0x0000000741800000, size: 3048 MB, Compressed Oops mode: Zero based, Oop shift amount: 3

CDS archive(s) mapped at: [0x0000000800000000-0x0000000800ba0000-0x0000000800ba0000), size 12189696, SharedBaseAddress: 0x0000000800000000, ArchiveRelocationMode: 0.
Compressed class space mapped at: 0x0000000800c00000-0x0000000840c00000, reserved size: 1073741824
Narrow klass base: 0x0000000800000000, Narrow klass shift: 0, Narrow klass range: 0x100000000

GC Precious Log:
 CardTable entry size: 512
 Card Set container configuration: InlinePtr #cards 4 size 8 Array Of Cards #cards 16 size 48 Howl #buckets 8 coarsen threshold 3686 Howl Bitmap #cards 512 size 80 coarsen threshold 460 Card regions per heap region 1 cards per card region 4096
 CPUs: 4 total, 4 available
 Memory: 12188M
 Large Page Support: Disabled
 NUMA Support: Disabled
 Compressed Oops: Enabled (Zero based)
 Heap Region Size: 2M
 Heap Min Capacity: 8M
 Heap Initial Capacity: 192M
 Heap Max Capacity: 3048M
 Pre-touch: Disabled
 Parallel Workers: 4
 Concurrent Workers: 1
 Concurrent Refinement Workers: 4
 Periodic GC: Disabled

Heap:
 garbage-first heap   total 71680K, used 28594K [0x0000000741800000, 0x0000000800000000)
  region size 2048K, 3 young (6144K), 2 survivors (4096K)
 Metaspace       used 65585K, committed 66112K, reserved 1114112K
  class space    used 8973K, committed 9216K, reserved 1048576K

Heap Regions: E=young(eden), S=young(survivor), O=old, HS=humongous(starts), HC=humongous(continues), CS=collection set, F=free, OA=open archive, CA=closed archive, TAMS=top-at-mark-start (previous, next)
|   0|0x0000000741800000, 0x0000000741a00000, 0x0000000741a00000|100%| O|  |TAMS 0x0000000741a00000, 0x0000000741800000| Untracked 
|   1|0x0000000741a00000, 0x0000000741c00000, 0x0000000741c00000|100%| O|  |TAMS 0x0000000741c00000, 0x0000000741a00000| Untracked 
|   2|0x0000000741c00000, 0x0000000741e00000, 0x0000000741e00000|100%| O|  |TAMS 0x0000000741e00000, 0x0000000741c00000| Untracked 
|   3|0x0000000741e00000, 0x0000000742000000, 0x0000000742000000|100%| O|  |TAMS 0x0000000742000000, 0x0000000741e00000| Untracked 
|   4|0x0000000742000000, 0x0000000742200000, 0x0000000742200000|100%| O|  |TAMS 0x0000000742200000, 0x0000000742000000| Untracked 
|   5|0x0000000742200000, 0x0000000742400000, 0x0000000742400000|100%| O|  |TAMS 0x0000000742400000, 0x0000000742200000| Untracked 
|   6|0x0000000742400000, 0x0000000742600000, 0x0000000742600000|100%| O|  |TAMS 0x0000000742600000, 0x0000000742400000| Untracked 
|   7|0x0000000742600000, 0x0000000742800000, 0x0000000742800000|100%| O|  |TAMS 0x0000000742800000, 0x0000000742600000| Untracked 
|   8|0x0000000742800000, 0x0000000742a00000, 0x0000000742a00000|100%| O|  |TAMS 0x0000000742a00000, 0x0000000742800000| Untracked 
|   9|0x0000000742a00000, 0x0000000742c00000, 0x0000000742c00000|100%| O|  |TAMS 0x0000000742c00000, 0x0000000742a00000| Untracked 
|  10|0x0000000742c00000, 0x0000000742e00000, 0x0000000742e00000|100%| O|  |TAMS 0x0000000742c75e00, 0x0000000742c00000| Untracked 
|  11|0x0000000742e00000, 0x0000000742feca00, 0x0000000743000000| 96%| O|  |TAMS 0x0000000742e00000, 0x0000000742e00000| Untracked 
|  12|0x0000000743000000, 0x0000000743000000, 0x0000000743200000|  0%| F|  |TAMS 0x0000000743000000, 0x0000000743000000| Untracked 
|  13|0x0000000743200000, 0x0000000743200000, 0x0000000743400000|  0%| F|  |TAMS 0x0000000743200000, 0x0000000743200000| Untracked 
|  14|0x0000000743400000, 0x0000000743400000, 0x0000000743600000|  0%| F|  |TAMS 0x0000000743400000, 0x0000000743400000| Untracked 
|  15|0x0000000743600000, 0x0000000743600000, 0x0000000743800000|  0%| F|  |TAMS 0x0000000743600000, 0x0000000743600000| Untracked 
|  16|0x0000000743800000, 0x0000000743800000, 0x0000000743a00000|  0%| F|  |TAMS 0x0000000743800000, 0x0000000743800000| Untracked 
|  17|0x0000000743a00000, 0x0000000743a00000, 0x0000000743c00000|  0%| F|  |TAMS 0x0000000743a00000, 0x0000000743a00000| Untracked 
|  18|0x0000000743c00000, 0x0000000743c00000, 0x0000000743e00000|  0%| F|  |TAMS 0x0000000743c00000, 0x0000000743c00000| Untracked 
|  19|0x0000000743e00000, 0x0000000744000000, 0x0000000744000000|100%| S|CS|TAMS 0x0000000743e00000, 0x0000000743e00000| Complete 
|  20|0x0000000744000000, 0x0000000744200000, 0x0000000744200000|100%| S|CS|TAMS 0x0000000744000000, 0x0000000744000000| Complete 
|  21|0x0000000744200000, 0x0000000744200000, 0x0000000744400000|  0%| F|  |TAMS 0x0000000744200000, 0x0000000744200000| Untracked 
|  22|0x0000000744400000, 0x0000000744400000, 0x0000000744600000|  0%| F|  |TAMS 0x0000000744400000, 0x0000000744400000| Untracked 
|  23|0x0000000744600000, 0x0000000744600000, 0x0000000744800000|  0%| F|  |TAMS 0x0000000744600000, 0x0000000744600000| Untracked 
|  24|0x0000000744800000, 0x0000000744800000, 0x0000000744a00000|  0%| F|  |TAMS 0x0000000744800000, 0x0000000744800000| Untracked 
|  25|0x0000000744a00000, 0x0000000744a00000, 0x0000000744c00000|  0%| F|  |TAMS 0x0000000744a00000, 0x0000000744a00000| Untracked 
|  26|0x0000000744c00000, 0x0000000744c00000, 0x0000000744e00000|  0%| F|  |TAMS 0x0000000744c00000, 0x0000000744c00000| Untracked 
|  27|0x0000000744e00000, 0x0000000744e00000, 0x0000000745000000|  0%| F|  |TAMS 0x0000000744e00000, 0x0000000744e00000| Untracked 
|  28|0x0000000745000000, 0x0000000745000000, 0x0000000745200000|  0%| F|  |TAMS 0x0000000745000000, 0x0000000745000000| Untracked 
|  29|0x0000000745200000, 0x0000000745200000, 0x0000000745400000|  0%| F|  |TAMS 0x0000000745200000, 0x0000000745200000| Untracked 
|  65|0x0000000749a00000, 0x0000000749a00000, 0x0000000749c00000|  0%| F|  |TAMS 0x0000000749a00000, 0x0000000749a00000| Untracked 
|  66|0x0000000749c00000, 0x0000000749c00000, 0x0000000749e00000|  0%| F|  |TAMS 0x0000000749c00000, 0x0000000749c00000| Untracked 
|  67|0x0000000749e00000, 0x0000000749e00000, 0x000000074a000000|  0%| F|  |TAMS 0x0000000749e00000, 0x0000000749e00000| Untracked 
|  68|0x000000074a000000, 0x000000074a000000, 0x000000074a200000|  0%| F|  |TAMS 0x000000074a000000, 0x000000074a000000| Untracked 
|  95|0x000000074d600000, 0x000000074d752cf0, 0x000000074d800000| 66%| E|  |TAMS 0x000000074d600000, 0x000000074d600000| Complete 

Card table byte_map: [0x00000209dbb40000,0x00000209dc140000] _byte_map_base: 0x00000209d8134000

Marking Bits (Prev, Next): (CMBitMap*) 0x00000209c4c6cf50, (CMBitMap*) 0x00000209c4c6cf10
 Prev Bits: [0x00000209df6e0000, 0x00000209e2680000)
 Next Bits: [0x00000209dc740000, 0x00000209df6e0000)

Polling page: 0x00000209c2b30000

Metaspace:

Usage:
  Non-class:     55.29 MB used.
      Class:      8.76 MB used.
       Both:     64.05 MB used.

Virtual space:
  Non-class space:       64.00 MB reserved,      55.56 MB ( 87%) committed,  1 nodes.
      Class space:        1.00 GB reserved,       9.00 MB ( <1%) committed,  1 nodes.
             Both:        1.06 GB reserved,      64.56 MB (  6%) committed. 

Chunk freelists:
   Non-Class:  3.81 MB
       Class:  2.94 MB
        Both:  6.75 MB

MaxMetaspaceSize: unlimited
CompressedClassSpaceSize: 1.00 GB
Initial GC threshold: 21.00 MB
Current GC threshold: 99.00 MB
CDS: on
MetaspaceReclaimPolicy: balanced
 - commit_granule_bytes: 65536.
 - commit_granule_words: 8192.
 - virtual_space_node_default_size: 8388608.
 - enlarge_chunks_in_place: 1.
 - new_chunks_are_fully_committed: 0.
 - uncommit_free_chunks: 1.
 - use_allocation_guard: 0.


Internal statistics:

num_allocs_failed_limit: 9.
num_arena_births: 852.
num_arena_deaths: 0.
num_vsnodes_births: 2.
num_vsnodes_deaths: 0.
num_space_committed: 1033.
num_space_uncommitted: 0.
num_chunks_returned_to_freelist: 9.
num_chunks_taken_from_freelist: 3168.
num_chunk_merges: 9.
num_chunk_splits: 2363.
num_chunks_enlarged: 1962.
num_inconsistent_stats: 0.

CodeHeap 'non-profiled nmethods': size=120000Kb used=2706Kb max_used=2707Kb free=117293Kb
 bounds [0x00000209d4010000, 0x00000209d42d0000, 0x00000209db540000]
CodeHeap 'profiled nmethods': size=120000Kb used=9063Kb max_used=9687Kb free=110936Kb
 bounds [0x00000209ccae0000, 0x00000209cd460000, 0x00000209d4010000]
CodeHeap 'non-nmethods': size=5760Kb used=1393Kb max_used=1469Kb free=4366Kb
 bounds [0x00000209cc540000, 0x00000209cc7b0000, 0x00000209ccae0000]
 total_blobs=5271 nmethods=4626 adapters=557
 compilation: enabled
              stopped_count=0, restarted_count=0
 full_count=0

Compilation events (20 events):
Event: 14.103 Thread 0x00000209e4b3b8c0 5429       2       java.util.TreeMap::getFirstEntry (26 bytes)
Event: 14.104 Thread 0x00000209e4b3b8c0 nmethod 5429 0x00000209cd091010 code [0x00000209cd0911a0, 0x00000209cd091318]
Event: 14.107 Thread 0x00000209e4b3b8c0 5431       1       org.springframework.boot.autoconfigure.condition.ConditionEvaluationReport$ConditionAndOutcome::getOutcome (5 bytes)
Event: 14.107 Thread 0x00000209e4b3b8c0 nmethod 5431 0x00000209d41f7490 code [0x00000209d41f7620, 0x00000209d41f76f8]
Event: 14.109 Thread 0x00000209e4b3b8c0 5432       2       java.util.TreeMap::forEach (58 bytes)
Event: 14.110 Thread 0x00000209e4b3b8c0 nmethod 5432 0x00000209cd090790 code [0x00000209cd090980, 0x00000209cd090d98]
Event: 14.110 Thread 0x00000209e4b3b8c0 5433 %     3       java.util.TreeMap::forEach @ 15 (58 bytes)
Event: 14.111 Thread 0x00000209e4b3b8c0 nmethod 5433% 0x00000209cd08fa90 code [0x00000209cd08fcc0, 0x00000209cd090438]
Event: 14.111 Thread 0x00000209e4b3b8c0 5434       2       org.springframework.boot.autoconfigure.condition.ConditionEvaluationReport$$Lambda$1339/0x000000080150e210::accept (16 bytes)
Event: 14.113 Thread 0x00000209e4b3b8c0 nmethod 5434 0x00000209ccf75e90 code [0x00000209ccf76100, 0x00000209ccf767c8]
Event: 14.113 Thread 0x00000209e4b3b8c0 5436   !   2       org.springframework.util.ConcurrentReferenceHashMap$Segment::clear (69 bytes)
Event: 14.114 Thread 0x00000209e4b3b8c0 nmethod 5436 0x00000209cd08f090 code [0x00000209cd08f2a0, 0x00000209cd08f738]
Event: 14.115 Thread 0x00000209e4b3b8c0 5435       2       org.springframework.boot.autoconfigure.condition.ConditionEvaluationReport::lambda$getConditionAndOutcomesBySource$0 (13 bytes)
Event: 14.116 Thread 0x00000209e4b3b8c0 nmethod 5435 0x00000209ccf75090 code [0x00000209ccf752e0, 0x00000209ccf758e8]
Event: 14.117 Thread 0x00000209e4b3b8c0 5437       2       jdk.internal.math.FDBigInteger::mult (64 bytes)
Event: 14.118 Thread 0x00000209e4b3b8c0 nmethod 5437 0x00000209ccf74a90 code [0x00000209ccf74c40, 0x00000209ccf74e78]
Event: 14.118 Thread 0x00000209e4b3b8c0 5438       2       jdk.internal.math.FDBigInteger::<init> (30 bytes)
Event: 14.118 Thread 0x00000209e4b3b8c0 nmethod 5438 0x00000209ccf74610 code [0x00000209ccf747c0, 0x00000209ccf74968]
Event: 14.118 Thread 0x00000209e4b3b8c0 5439       2       jdk.internal.math.FDBigInteger::trimLeadingZeros (57 bytes)
Event: 14.118 Thread 0x00000209e4b3b8c0 nmethod 5439 0x00000209ccf74190 code [0x00000209ccf74320, 0x00000209ccf744f8]

GC Heap History (20 events):
Event: 7.398 GC heap before
{Heap before GC invocations=7 (full 0):
 garbage-first heap   total 55296K, used 35447K [0x0000000741800000, 0x0000000800000000)
  region size 2048K, 11 young (22528K), 1 survivors (2048K)
 Metaspace       used 31868K, committed 32320K, reserved 1114112K
  class space    used 3950K, committed 4160K, reserved 1048576K
}
Event: 7.407 GC heap after
{Heap after GC invocations=8 (full 0):
 garbage-first heap   total 55296K, used 17312K [0x0000000741800000, 0x0000000800000000)
  region size 2048K, 2 young (4096K), 2 survivors (4096K)
 Metaspace       used 31868K, committed 32320K, reserved 1114112K
  class space    used 3950K, committed 4160K, reserved 1048576K
}
Event: 8.193 GC heap before
{Heap before GC invocations=8 (full 0):
 garbage-first heap   total 55296K, used 29600K [0x0000000741800000, 0x0000000800000000)
  region size 2048K, 10 young (20480K), 2 survivors (4096K)
 Metaspace       used 35443K, committed 35968K, reserved 1114112K
  class space    used 4393K, committed 4672K, reserved 1048576K
}
Event: 8.202 GC heap after
{Heap after GC invocations=9 (full 0):
 garbage-first heap   total 55296K, used 18208K [0x0000000741800000, 0x0000000800000000)
  region size 2048K, 1 young (2048K), 1 survivors (2048K)
 Metaspace       used 35443K, committed 35968K, reserved 1114112K
  class space    used 4393K, committed 4672K, reserved 1048576K
}
Event: 9.233 GC heap before
{Heap before GC invocations=10 (full 0):
 garbage-first heap   total 55296K, used 36640K [0x0000000741800000, 0x0000000800000000)
  region size 2048K, 11 young (22528K), 1 survivors (2048K)
 Metaspace       used 40937K, committed 41408K, reserved 1114112K
  class space    used 5232K, committed 5440K, reserved 1048576K
}
Event: 9.238 GC heap after
{Heap after GC invocations=11 (full 0):
 garbage-first heap   total 55296K, used 19075K [0x0000000741800000, 0x0000000800000000)
  region size 2048K, 1 young (2048K), 1 survivors (2048K)
 Metaspace       used 40937K, committed 41408K, reserved 1114112K
  class space    used 5232K, committed 5440K, reserved 1048576K
}
Event: 10.014 GC heap before
{Heap before GC invocations=11 (full 0):
 garbage-first heap   total 55296K, used 39555K [0x0000000741800000, 0x0000000800000000)
  region size 2048K, 11 young (22528K), 1 survivors (2048K)
 Metaspace       used 46943K, committed 47424K, reserved 1114112K
  class space    used 6003K, committed 6208K, reserved 1048576K
}
Event: 10.020 GC heap after
{Heap after GC invocations=12 (full 0):
 garbage-first heap   total 55296K, used 20254K [0x0000000741800000, 0x0000000800000000)
  region size 2048K, 2 young (4096K), 2 survivors (4096K)
 Metaspace       used 46943K, committed 47424K, reserved 1114112K
  class space    used 6003K, committed 6208K, reserved 1048576K
}
Event: 10.880 GC heap before
{Heap before GC invocations=12 (full 0):
 garbage-first heap   total 55296K, used 40734K [0x0000000741800000, 0x0000000800000000)
  region size 2048K, 12 young (24576K), 2 survivors (4096K)
 Metaspace       used 53249K, committed 53760K, reserved 1114112K
  class space    used 7109K, committed 7360K, reserved 1048576K
}
Event: 10.888 GC heap after
{Heap after GC invocations=13 (full 0):
 garbage-first heap   total 55296K, used 21167K [0x0000000741800000, 0x0000000800000000)
  region size 2048K, 2 young (4096K), 2 survivors (4096K)
 Metaspace       used 53249K, committed 53760K, reserved 1114112K
  class space    used 7109K, committed 7360K, reserved 1048576K
}
Event: 11.638 GC heap before
{Heap before GC invocations=13 (full 0):
 garbage-first heap   total 55296K, used 39599K [0x0000000741800000, 0x0000000800000000)
  region size 2048K, 11 young (22528K), 2 survivors (4096K)
 Metaspace       used 56924K, committed 57472K, reserved 1114112K
  class space    used 7573K, committed 7808K, reserved 1048576K
}
Event: 11.646 GC heap after
{Heap after GC invocations=14 (full 0):
 garbage-first heap   total 55296K, used 22706K [0x0000000741800000, 0x0000000800000000)
  region size 2048K, 2 young (4096K), 2 survivors (4096K)
 Metaspace       used 56924K, committed 57472K, reserved 1114112K
  class space    used 7573K, committed 7808K, reserved 1048576K
}
Event: 12.171 GC heap before
{Heap before GC invocations=14 (full 0):
 garbage-first heap   total 55296K, used 41138K [0x0000000741800000, 0x0000000800000000)
  region size 2048K, 11 young (22528K), 2 survivors (4096K)
 Metaspace       used 59603K, committed 60224K, reserved 1114112K
  class space    used 8022K, committed 8320K, reserved 1048576K
}
Event: 12.182 GC heap after
{Heap after GC invocations=15 (full 0):
 garbage-first heap   total 55296K, used 24865K [0x0000000741800000, 0x0000000800000000)
  region size 2048K, 2 young (4096K), 2 survivors (4096K)
 Metaspace       used 59603K, committed 60224K, reserved 1114112K
  class space    used 8022K, committed 8320K, reserved 1048576K
}
Event: 12.280 GC heap before
{Heap before GC invocations=15 (full 0):
 garbage-first heap   total 55296K, used 31009K [0x0000000741800000, 0x0000000800000000)
  region size 2048K, 6 young (12288K), 2 survivors (4096K)
 Metaspace       used 59925K, committed 60480K, reserved 1114112K
  class space    used 8043K, committed 8320K, reserved 1048576K
}
Event: 12.288 GC heap after
{Heap after GC invocations=16 (full 0):
 garbage-first heap   total 71680K, used 24680K [0x0000000741800000, 0x0000000800000000)
  region size 2048K, 1 young (2048K), 1 survivors (2048K)
 Metaspace       used 59925K, committed 60480K, reserved 1114112K
  class space    used 8043K, committed 8320K, reserved 1048576K
}
Event: 12.832 GC heap before
{Heap before GC invocations=17 (full 0):
 garbage-first heap   total 71680K, used 53352K [0x0000000741800000, 0x0000000800000000)
  region size 2048K, 16 young (32768K), 1 survivors (2048K)
 Metaspace       used 61610K, committed 62208K, reserved 1114112K
  class space    used 8478K, committed 8768K, reserved 1048576K
}
Event: 12.838 GC heap after
{Heap after GC invocations=18 (full 0):
 garbage-first heap   total 71680K, used 26019K [0x0000000741800000, 0x0000000800000000)
  region size 2048K, 2 young (4096K), 2 survivors (4096K)
 Metaspace       used 61610K, committed 62208K, reserved 1114112K
  class space    used 8478K, committed 8768K, reserved 1048576K
}
Event: 14.040 GC heap before
{Heap before GC invocations=18 (full 0):
 garbage-first heap   total 71680K, used 54691K [0x0000000741800000, 0x0000000800000000)
  region size 2048K, 16 young (32768K), 2 survivors (4096K)
 Metaspace       used 65307K, committed 65920K, reserved 1114112K
  class space    used 8936K, committed 9216K, reserved 1048576K
}
Event: 14.053 GC heap after
{Heap after GC invocations=19 (full 0):
 garbage-first heap   total 71680K, used 28594K [0x0000000741800000, 0x0000000800000000)
  region size 2048K, 2 young (4096K), 2 survivors (4096K)
 Metaspace       used 65307K, committed 65920K, reserved 1114112K
  class space    used 8936K, committed 9216K, reserved 1048576K
}

Deoptimization events (20 events):
Event: 13.988 Thread 0x00000209c4c0db10 DEOPT PACKING pc=0x00000209cd441214 sp=0x000000ff00dfe430
Event: 13.988 Thread 0x00000209c4c0db10 DEOPT UNPACKING pc=0x00000209cc592b43 sp=0x000000ff00dfd998 mode 1
Event: 13.988 Thread 0x00000209c4c0db10 DEOPT PACKING pc=0x00000209cd441214 sp=0x000000ff00dfe430
Event: 13.988 Thread 0x00000209c4c0db10 DEOPT UNPACKING pc=0x00000209cc592b43 sp=0x000000ff00dfd998 mode 1
Event: 13.994 Thread 0x00000209c4c0db10 DEOPT PACKING pc=0x00000209cd441214 sp=0x000000ff00dfe430
Event: 13.994 Thread 0x00000209c4c0db10 DEOPT UNPACKING pc=0x00000209cc592b43 sp=0x000000ff00dfd998 mode 1
Event: 13.994 Thread 0x00000209c4c0db10 DEOPT PACKING pc=0x00000209cd441214 sp=0x000000ff00dfe430
Event: 13.994 Thread 0x00000209c4c0db10 DEOPT UNPACKING pc=0x00000209cc592b43 sp=0x000000ff00dfd998 mode 1
Event: 13.996 Thread 0x00000209c4c0db10 DEOPT PACKING pc=0x00000209cd441214 sp=0x000000ff00dfe730
Event: 13.996 Thread 0x00000209c4c0db10 DEOPT UNPACKING pc=0x00000209cc592b43 sp=0x000000ff00dfdc80 mode 1
Event: 13.996 Thread 0x00000209c4c0db10 DEOPT PACKING pc=0x00000209cd1d5f54 sp=0x000000ff00dfe840
Event: 13.996 Thread 0x00000209c4c0db10 DEOPT UNPACKING pc=0x00000209cc592b43 sp=0x000000ff00dfdd10 mode 1
Event: 13.998 Thread 0x00000209c4c0db10 Uncommon trap: trap_request=0xffffff45 fr.pc=0x00000209d42a380c relative=0x0000000000001a6c
Event: 13.998 Thread 0x00000209c4c0db10 Uncommon trap: reason=unstable_if action=reinterpret pc=0x00000209d42a380c method=org.springframework.core.annotation.AnnotationsScanner.processClassInheritedAnnotations(Ljava/lang/Object;Ljava/lang/Class;Lorg/springframework/core/annotation/MergedAnnotat
Event: 13.998 Thread 0x00000209c4c0db10 DEOPT PACKING pc=0x00000209d42a380c sp=0x000000ff00dfe860
Event: 13.998 Thread 0x00000209c4c0db10 DEOPT UNPACKING pc=0x00000209cc5923a3 sp=0x000000ff00dfe800 mode 2
Event: 14.112 Thread 0x00000209c4c0db10 Uncommon trap: trap_request=0xffffff45 fr.pc=0x00000209d40712e0 relative=0x0000000000000060
Event: 14.112 Thread 0x00000209c4c0db10 Uncommon trap: reason=unstable_if action=reinterpret pc=0x00000209d40712e0 method=org.springframework.util.ConcurrentReferenceHashMap$Segment.clear()V @ 7 c2
Event: 14.112 Thread 0x00000209c4c0db10 DEOPT PACKING pc=0x00000209d40712e0 sp=0x000000ff00dfe9a0
Event: 14.112 Thread 0x00000209c4c0db10 DEOPT UNPACKING pc=0x00000209cc5923a3 sp=0x000000ff00dfe930 mode 2

Classes loaded (20 events):
Event: 14.083 Loading class sun/nio/ch/ExtendedSocketOption
Event: 14.084 Loading class sun/nio/ch/ExtendedSocketOption done
Event: 14.084 Loading class sun/nio/ch/ExtendedSocketOption$1
Event: 14.084 Loading class sun/nio/ch/ExtendedSocketOption$1 done
Event: 14.084 Loading class sun/nio/ch/SocketOptionRegistry
Event: 14.084 Loading class sun/nio/ch/SocketOptionRegistry done
Event: 14.084 Loading class sun/nio/ch/SocketOptionRegistry$RegistryKey
Event: 14.084 Loading class sun/nio/ch/SocketOptionRegistry$RegistryKey done
Event: 14.084 Loading class sun/nio/ch/SocketOptionRegistry$LazyInitialization
Event: 14.084 Loading class sun/nio/ch/SocketOptionRegistry$LazyInitialization done
Event: 14.084 Loading class sun/nio/ch/OptionKey
Event: 14.085 Loading class sun/nio/ch/OptionKey done
Event: 14.086 Loading class java/nio/channels/spi/AbstractSelector$1
Event: 14.086 Loading class java/nio/channels/spi/AbstractSelector$1 done
Event: 14.089 Loading class java/util/TreeMap$ValueSpliterator
Event: 14.090 Loading class java/util/TreeMap$TreeMapSpliterator
Event: 14.090 Loading class java/util/TreeMap$TreeMapSpliterator done
Event: 14.090 Loading class java/util/TreeMap$ValueSpliterator done
Event: 14.116 Loading class jdk/internal/math/FDBigInteger
Event: 14.116 Loading class jdk/internal/math/FDBigInteger done

Classes unloaded (0 events):
No events

Classes redefined (0 events):
No events

Internal exceptions (20 events):
Event: 11.085 Thread 0x00000209c4c0db10 Implicit null exception at 0x00000209d42952c4 to 0x00000209d4295514
Event: 11.168 Thread 0x00000209c4c0db10 Exception <a 'java/lang/IncompatibleClassChangeError'{0x0000000749dafac0}: Found class java.lang.Object, but interface was expected> (0x0000000749dafac0) 
thrown [s\open\src\hotspot\share\interpreter\linkResolver.cpp, line 826]
Event: 11.187 Thread 0x00000209c4c0db10 Implicit null exception at 0x00000209d4287815 to 0x00000209d42891b8
Event: 11.206 Thread 0x00000209c4c0db10 Exception <a 'java/lang/IncompatibleClassChangeError'{0x0000000749a211b8}: Found class java.lang.Object, but interface was expected> (0x0000000749a211b8) 
thrown [s\open\src\hotspot\share\interpreter\linkResolver.cpp, line 826]
Event: 11.297 Thread 0x00000209c4c0db10 Exception <a 'java/lang/IncompatibleClassChangeError'{0x0000000749b928f8}: Found class java.lang.Object, but interface was expected> (0x0000000749b928f8) 
thrown [s\open\src\hotspot\share\interpreter\linkResolver.cpp, line 826]
Event: 11.564 Thread 0x00000209c4c0db10 Exception <a 'java/lang/IncompatibleClassChangeError'{0x0000000743fcde58}: Found class java.lang.Object, but interface was expected> (0x0000000743fcde58) 
thrown [s\open\src\hotspot\share\interpreter\linkResolver.cpp, line 826]
Event: 11.794 Thread 0x00000209c4c0db10 Exception <a 'java/lang/NoSuchMethodError'{0x0000000749fd0ca0}: 'java.lang.Object java.lang.invoke.DirectMethodHandle$Holder.newInvokeSpecial(java.lang.Object, java.lang.Object, int)'> (0x0000000749fd0ca0) 
thrown [s\open\src\hotspot\share\interpreter\linkResolver.cpp, line 759]
Event: 11.800 Thread 0x00000209c4c0db10 Exception <a 'java/lang/NoSuchMethodError'{0x0000000749feff58}: 'java.lang.Object java.lang.invoke.Invokers$Holder.invoke_MT(java.lang.Object, java.lang.Object, java.lang.Object, java.lang.Object, java.lang.Object, java.lang.Object, java.lang.Object, java.lang.Object, java.lang.Object)'> (0x0000000749feff58) 
thrown [s\open\src\hotspot\share\interpreter\linkResolver.cpp, line 759]
Event: 11.806 Thread 0x00000209c4c0db10 Exception <a 'java/lang/IncompatibleClassChangeError'{0x0000000749c188d0}: Found class java.lang.Object, but interface was expected> (0x0000000749c188d0) 
thrown [s\open\src\hotspot\share\interpreter\linkResolver.cpp, line 826]
Event: 12.775 Thread 0x00000209c4c0db10 Exception <a 'java/lang/NoSuchMethodError'{0x0000000743e8ffd0}: 'int java.lang.invoke.DirectMethodHandle$Holder.invokeStatic(java.lang.Object)'> (0x0000000743e8ffd0) 
thrown [s\open\src\hotspot\share\interpreter\linkResolver.cpp, line 759]
Event: 13.040 Thread 0x00000209c4c0db10 Exception <a 'java/lang/NoSuchMethodError'{0x000000074a1ec5a8}: 'java.lang.Object java.lang.invoke.DirectMethodHandle$Holder.invokeInterface(java.lang.Object, java.lang.Object, java.lang.Object, java.lang.Object)'> (0x000000074a1ec5a8) 
thrown [s\open\src\hotspot\share\interpreter\linkResolver.cpp, line 759]
Event: 13.107 Thread 0x00000209c4c0db10 Exception <a 'java/lang/NoSuchMethodError'{0x0000000749f28490}: 'java.lang.Object java.lang.invoke.DirectMethodHandle$Holder.newInvokeSpecial(java.lang.Object, java.lang.Object, java.lang.Object, java.lang.Object, java.lang.Object, java.lang.Object, java.lang.Object, java.lang.Object)'> (0x0000000749f28490) 
thrown [s\open\src\hotspot\share\interpreter\linkResolver.cpp, line 759]
Event: 13.392 Thread 0x00000209c4c0db10 Exception <a 'java/lang/NoSuchMethodError'{0x00000007453c15e0}: 'void java.lang.invoke.DirectMethodHandle$Holder.invokeVirtual(java.lang.Object, java.lang.Object, long)'> (0x00000007453c15e0) 
thrown [s\open\src\hotspot\share\interpreter\linkResolver.cpp, line 759]
Event: 13.682 Thread 0x00000209c4c0db10 Exception <a 'java/lang/IncompatibleClassChangeError'{0x0000000744dd9008}: Found class java.lang.Object, but interface was expected> (0x0000000744dd9008) 
thrown [s\open\src\hotspot\share\interpreter\linkResolver.cpp, line 826]
Event: 13.761 Thread 0x00000209c4c0db10 Exception <a 'java/lang/NoSuchMethodError'{0x0000000744b52f10}: 'int java.lang.invoke.DirectMethodHandle$Holder.invokeStaticInit(java.lang.Object, java.lang.Object, java.lang.Object, java.lang.Object)'> (0x0000000744b52f10) 
thrown [s\open\src\hotspot\share\interpreter\linkResolver.cpp, line 759]
Event: 13.905 Thread 0x00000209c4c0db10 Implicit null exception at 0x00000209d4125d5a to 0x00000209d4125ff4
Event: 14.016 Thread 0x00000209c4c0db10 Exception <a 'java/lang/NoSuchMethodError'{0x0000000744567180}: 'java.lang.Object java.lang.invoke.DirectMethodHandle$Holder.newInvokeSpecial(java.lang.Object, java.lang.Object, int, java.lang.Object, java.lang.Object)'> (0x0000000744567180) 
thrown [s\open\src\hotspot\share\interpreter\linkResolver.cpp, line 759]
Event: 14.018 Thread 0x00000209c4c0db10 Exception <a 'java/lang/NoSuchMethodError'{0x0000000744572800}: 'java.lang.Object java.lang.invoke.DirectMethodHandle$Holder.invokeSpecial(java.lang.Object, java.lang.Object, int, java.lang.Object, int, java.lang.Object)'> (0x0000000744572800) 
thrown [s\open\src\hotspot\share\interpreter\linkResolver.cpp, line 759]
Event: 14.019 Thread 0x00000209c4c0db10 Exception <a 'java/lang/NoSuchMethodError'{0x000000074457a608}: 'java.lang.Object java.lang.invoke.DirectMethodHandle$Holder.newInvokeSpecial(java.lang.Object, java.lang.Object, int, java.lang.Object, int)'> (0x000000074457a608) 
thrown [s\open\src\hotspot\share\interpreter\linkResolver.cpp, line 759]
Event: 14.020 Thread 0x00000209c4c0db10 Exception <a 'java/lang/NoSuchMethodError'{0x000000074457e710}: 'java.lang.Object java.lang.invoke.DirectMethodHandle$Holder.invokeSpecial(java.lang.Object, java.lang.Object, java.lang.Object, int, java.lang.Object, int)'> (0x000000074457e710) 
thrown [s\open\src\hotspot\share\interpreter\linkResolver.cpp, line 759]

VM Operations (20 events):
Event: 12.279 Executing VM operation: CollectForMetadataAllocation
Event: 12.288 Executing VM operation: CollectForMetadataAllocation done
Event: 12.373 Executing VM operation: G1Concurrent
Event: 12.377 Executing VM operation: G1Concurrent done
Event: 12.409 Executing VM operation: G1Concurrent
Event: 12.410 Executing VM operation: G1Concurrent done
Event: 12.822 Executing VM operation: HandshakeAllThreads
Event: 12.822 Executing VM operation: HandshakeAllThreads done
Event: 12.832 Executing VM operation: G1CollectForAllocation
Event: 12.838 Executing VM operation: G1CollectForAllocation done
Event: 13.214 Executing VM operation: HandshakeAllThreads
Event: 13.214 Executing VM operation: HandshakeAllThreads done
Event: 13.424 Executing VM operation: HandshakeAllThreads
Event: 13.425 Executing VM operation: HandshakeAllThreads done
Event: 13.632 Executing VM operation: HandshakeAllThreads
Event: 13.632 Executing VM operation: HandshakeAllThreads done
Event: 13.788 Executing VM operation: ICBufferFull
Event: 13.788 Executing VM operation: ICBufferFull done
Event: 14.039 Executing VM operation: G1CollectForAllocation
Event: 14.053 Executing VM operation: G1CollectForAllocation done

Events (20 events):
Event: 11.525 Thread 0x00000209e4b47e80 flushing nmethod 0x00000209cd348490
Event: 11.525 Thread 0x00000209e4b47e80 flushing nmethod 0x00000209cd3a5a90
Event: 11.525 Thread 0x00000209e4b47e80 flushing nmethod 0x00000209cd3c7390
Event: 12.011 Thread 0x00000209ec879d10 Thread exited: 0x00000209ec879d10
Event: 12.035 Thread 0x00000209ea4d3460 Thread added: 0x00000209ea4d3460
Event: 13.060 Thread 0x00000209e96bf5c0 Thread exited: 0x00000209e96bf5c0
Event: 14.036 Thread 0x00000209e96be750 Thread added: 0x00000209e96be750
Event: 14.036 Thread 0x00000209e96c12a0 Thread added: 0x00000209e96c12a0
Event: 14.036 Thread 0x00000209e96bf5c0 Thread added: 0x00000209e96bf5c0
Event: 14.037 Thread 0x00000209ebaf0230 Thread added: 0x00000209ebaf0230
Event: 14.037 Thread 0x00000209ebaedbb0 Thread added: 0x00000209ebaedbb0
Event: 14.037 Thread 0x00000209ebaec3a0 Thread added: 0x00000209ebaec3a0
Event: 14.037 Thread 0x00000209ebaef3c0 Thread added: 0x00000209ebaef3c0
Event: 14.037 Thread 0x00000209ebaefd60 Thread added: 0x00000209ebaefd60
Event: 14.038 Thread 0x00000209ebaebed0 Thread added: 0x00000209ebaebed0
Event: 14.038 Thread 0x00000209ebaf10a0 Thread added: 0x00000209ebaf10a0
Event: 14.085 Thread 0x00000209ebaeeef0 Thread added: 0x00000209ebaeeef0
Event: 14.088 Thread 0x00000209ebaecd40 Thread added: 0x00000209ebaecd40
Event: 14.125 Thread 0x00000209c4c0db10 Thread exited: 0x00000209c4c0db10
Event: 14.126 Thread 0x00000209ebaee080 Thread added: 0x00000209ebaee080


Dynamic libraries:
0x00007ff61fb00000 - 0x00007ff61fb10000 	C:\Program Files\Java\jdk-18.0.2\bin\java.exe
0x00007ffd50f30000 - 0x00007ffd51128000 	C:\Windows\SYSTEM32\ntdll.dll
0x00007ffd4fa30000 - 0x00007ffd4faed000 	C:\Windows\System32\KERNEL32.DLL
0x00007ffd4e950000 - 0x00007ffd4ec46000 	C:\Windows\System32\KERNELBASE.dll
0x00007ffd4e820000 - 0x00007ffd4e920000 	C:\Windows\System32\ucrtbase.dll
0x00007ffd36130000 - 0x00007ffd36148000 	C:\Program Files\Java\jdk-18.0.2\bin\jli.dll
0x00007ffd50480000 - 0x00007ffd5052e000 	C:\Windows\System32\ADVAPI32.dll
0x00007ffd50690000 - 0x00007ffd5072e000 	C:\Windows\System32\msvcrt.dll
0x00007ffd357a0000 - 0x00007ffd357ba000 	C:\Program Files\Java\jdk-18.0.2\bin\VCRUNTIME140.dll
0x00007ffd4f4f0000 - 0x00007ffd4f58c000 	C:\Windows\System32\sechost.dll
0x00007ffd4f710000 - 0x00007ffd4f836000 	C:\Windows\System32\RPCRT4.dll
0x00007ffd50000000 - 0x00007ffd5019e000 	C:\Windows\System32\USER32.dll
0x00007ffd4ece0000 - 0x00007ffd4ed02000 	C:\Windows\System32\win32u.dll
0x00007ffd41540000 - 0x00007ffd417da000 	C:\Windows\WinSxS\amd64_microsoft.windows.common-controls_6595b64144ccf1df_6.0.19041.1110_none_60b5254171f9507e\COMCTL32.dll
0x00007ffd50330000 - 0x00007ffd5035c000 	C:\Windows\System32\GDI32.dll
0x00007ffd4ed80000 - 0x00007ffd4ee9a000 	C:\Windows\System32\gdi32full.dll
0x00007ffd4eea0000 - 0x00007ffd4ef3d000 	C:\Windows\System32\msvcp_win.dll
0x00007ffd42d00000 - 0x00007ffd42d0a000 	C:\Windows\SYSTEM32\VERSION.dll
0x00007ffd50530000 - 0x00007ffd50560000 	C:\Windows\System32\IMM32.DLL
0x00007ffd43be0000 - 0x00007ffd43bec000 	C:\Program Files\Java\jdk-18.0.2\bin\vcruntime140_1.dll
0x00007ffd25370000 - 0x00007ffd253fd000 	C:\Program Files\Java\jdk-18.0.2\bin\msvcp140.dll
0x00007ffd07440000 - 0x00007ffd08051000 	C:\Program Files\Java\jdk-18.0.2\bin\server\jvm.dll
0x00007ffd4f4e0000 - 0x00007ffd4f4e8000 	C:\Windows\System32\PSAPI.DLL
0x00007ffd426c0000 - 0x00007ffd426c9000 	C:\Windows\SYSTEM32\WSOCK32.dll
0x00007ffd430b0000 - 0x00007ffd430d7000 	C:\Windows\SYSTEM32\WINMM.dll
0x00007ffd4f590000 - 0x00007ffd4f5fb000 	C:\Windows\System32\WS2_32.dll
0x00007ffd4c460000 - 0x00007ffd4c472000 	C:\Windows\SYSTEM32\kernel.appcore.dll
0x00007ffd43a30000 - 0x00007ffd43a3a000 	C:\Program Files\Java\jdk-18.0.2\bin\jimage.dll
0x00007ffd47ed0000 - 0x00007ffd480b4000 	C:\Windows\SYSTEM32\DBGHELP.DLL
0x00007ffd47e80000 - 0x00007ffd47eb4000 	C:\Windows\SYSTEM32\dbgcore.DLL
0x00007ffd4ec50000 - 0x00007ffd4ecd2000 	C:\Windows\System32\bcryptPrimitives.dll
0x00007ffd35df0000 - 0x00007ffd35e2b000 	C:\Program Files\Java\jdk-18.0.2\bin\jdwp.dll
0x00007ffd49260000 - 0x00007ffd4926e000 	C:\Program Files\Java\jdk-18.0.2\bin\instrument.dll
0x00007ffd35020000 - 0x00007ffd35045000 	C:\Program Files\Java\jdk-18.0.2\bin\java.dll
0x00007ffd0dec0000 - 0x00007ffd0df96000 	C:\Program Files\Java\jdk-18.0.2\bin\jsvml.dll
0x00007ffd50730000 - 0x00007ffd50e75000 	C:\Windows\System32\SHELL32.dll
0x00007ffd4c660000 - 0x00007ffd4cdfb000 	C:\Windows\SYSTEM32\windows.storage.dll
0x00007ffd4fca0000 - 0x00007ffd4fff4000 	C:\Windows\System32\combase.dll
0x00007ffd4df00000 - 0x00007ffd4df2e000 	C:\Windows\SYSTEM32\Wldp.dll
0x00007ffd4f850000 - 0x00007ffd4f8fd000 	C:\Windows\System32\SHCORE.dll
0x00007ffd50e90000 - 0x00007ffd50ee5000 	C:\Windows\System32\shlwapi.dll
0x00007ffd4e540000 - 0x00007ffd4e565000 	C:\Windows\SYSTEM32\profapi.dll
0x00007ffd48eb0000 - 0x00007ffd48ebc000 	C:\Program Files\Java\jdk-18.0.2\bin\dt_socket.dll
0x00007ffd4d990000 - 0x00007ffd4d9cb000 	C:\Windows\SYSTEM32\IPHLPAPI.DLL
0x00007ffd4dc80000 - 0x00007ffd4dcea000 	C:\Windows\system32\mswsock.dll
0x00007ffd33df0000 - 0x00007ffd33e08000 	C:\Program Files\Java\jdk-18.0.2\bin\zip.dll
0x00007ffd34de0000 - 0x00007ffd34df3000 	C:\Program Files\Java\jdk-18.0.2\bin\net.dll
0x00007ffd46010000 - 0x00007ffd4611a000 	C:\Windows\SYSTEM32\WINHTTP.dll
0x00007ffd34dc0000 - 0x00007ffd34dd6000 	C:\Program Files\Java\jdk-18.0.2\bin\nio.dll
0x00007ffd379c0000 - 0x00007ffd379da000 	C:\Program Files\JetBrains\IntelliJ IDEA Community Edition 2022.2\bin\breakgen64.dll
0x00007ffd4e260000 - 0x00007ffd4e278000 	C:\Windows\SYSTEM32\CRYPTSP.dll
0x00007ffd4d5b0000 - 0x00007ffd4d5e4000 	C:\Windows\system32\rsaenh.dll
0x00007ffd4e920000 - 0x00007ffd4e947000 	C:\Windows\System32\bcrypt.dll
0x00007ffd4e500000 - 0x00007ffd4e52e000 	C:\Windows\SYSTEM32\USERENV.dll
0x00007ffd4de10000 - 0x00007ffd4de1c000 	C:\Windows\SYSTEM32\CRYPTBASE.dll
0x00007ffd4f840000 - 0x00007ffd4f848000 	C:\Windows\System32\NSI.dll
0x00007ffd47bd0000 - 0x00007ffd47be7000 	C:\Windows\SYSTEM32\dhcpcsvc6.DLL
0x00007ffd479e0000 - 0x00007ffd479fd000 	C:\Windows\SYSTEM32\dhcpcsvc.DLL
0x00007ffd4d9d0000 - 0x00007ffd4da9a000 	C:\Windows\SYSTEM32\DNSAPI.dll
0x00007ffd43c30000 - 0x00007ffd43c3e000 	C:\Program Files\Java\jdk-18.0.2\bin\sunmscapi.dll
0x00007ffd4e610000 - 0x00007ffd4e76e000 	C:\Windows\System32\CRYPT32.dll
0x00007ffd4df70000 - 0x00007ffd4df98000 	C:\Windows\SYSTEM32\ncrypt.dll
0x00007ffd4df30000 - 0x00007ffd4df6b000 	C:\Windows\SYSTEM32\NTASN1.dll
0x00007ffd37c70000 - 0x00007ffd37c79000 	C:\Program Files\Java\jdk-18.0.2\bin\management.dll
0x00007ffd377d0000 - 0x00007ffd377db000 	C:\Program Files\Java\jdk-18.0.2\bin\management_ext.dll
0x00007ffd34db0000 - 0x00007ffd34dc0000 	C:\Program Files\Java\jdk-18.0.2\bin\verify.dll

dbghelp: loaded successfully - version: 4.0.5 - missing functions: none
symbol engine: initialized successfully - sym options: 0x614 - pdb path: .;C:\Program Files\Java\jdk-18.0.2\bin;C:\Windows\SYSTEM32;C:\Windows\WinSxS\amd64_microsoft.windows.common-controls_6595b64144ccf1df_6.0.19041.1110_none_60b5254171f9507e;C:\Program Files\Java\jdk-18.0.2\bin\server;C:\Program Files\JetBrains\IntelliJ IDEA Community Edition 2022.2\bin

VM Arguments:
jvm_args: -agentlib:jdwp=transport=dt_socket,server=y,suspend=n,address=*:8001 -javaagent:C:\Program Files\JetBrains\IntelliJ IDEA Community Edition 2022.2\lib\idea_rt.jar=58390:C:\Program Files\JetBrains\IntelliJ IDEA Community Edition 2022.2\bin -Dfile.encoding=UTF-8 
java_command: com.eds.edstest.EdstestApplication
java_class_path (initial): C:\Users\Nanuzia\Desktop\RailsonDocs\EDS_Teste\edstest\target\classes;C:\Users\Nanuzia\.m2\repository\org\springframework\boot\spring-boot-starter-data-jpa\3.1.2\spring-boot-starter-data-jpa-3.1.2.jar;C:\Users\Nanuzia\.m2\repository\org\springframework\boot\spring-boot-starter-aop\3.1.2\spring-boot-starter-aop-3.1.2.jar;C:\Users\Nanuzia\.m2\repository\org\springframework\spring-aop\6.0.11\spring-aop-6.0.11.jar;C:\Users\Nanuzia\.m2\repository\org\aspectj\aspectjweaver\1.9.19\aspectjweaver-1.9.19.jar;C:\Users\Nanuzia\.m2\repository\org\springframework\boot\spring-boot-starter-jdbc\3.1.2\spring-boot-starter-jdbc-3.1.2.jar;C:\Users\Nanuzia\.m2\repository\com\zaxxer\HikariCP\5.0.1\HikariCP-5.0.1.jar;C:\Users\Nanuzia\.m2\repository\org\springframework\spring-jdbc\6.0.11\spring-jdbc-6.0.11.jar;C:\Users\Nanuzia\.m2\repository\org\hibernate\orm\hibernate-core\6.2.6.Final\hibernate-core-6.2.6.Final.jar;C:\Users\Nanuzia\.m2\repository\jakarta\persistence\jakarta.persistence-api\3.1.0\jakarta.persistence-api-3.1.0.jar;C:\Users\Nanuzia\.m2\repository\jakarta\transaction\jakarta.transaction-api\2.0.1\jakarta.transaction-api-2.0.1.jar;C:\Users\Nanuzia\.m2\repository\org\jboss\logging\jboss-logging\3.5.3.Final\jboss-logging-3.5.3.Final.jar;C:\Users\Nanuzia\.m2\repository\org\hibernate\common\hibernate-commons-annotations\6.0.6.Final\hibernate-commons-annotations-6.0.6.Final.jar;C:\Users\Nanuzia\.m2\repository\io\smallrye\jandex\3.0.5\jandex-3.0.5.jar;C:\Users\Nanuzia\.m2\repository\com\fasterxml\classmate\1.5.1\classmate-1.5.1.jar;C:\Users\Nanuzia\.m2\repository\net\bytebuddy\byte-buddy\1.14.5\byte-buddy-1.14.5.jar;C:\Users\Nanuzia\.m2\repository\org\glassfish\jaxb\jaxb-runtime\4.0.3\jaxb-runtime-4.0.3.jar;C:\Users\Nanuzia\.m2\repository\org\glassfish\jaxb\jaxb-core\4.0.3\jaxb-core-4.0.3.jar;C:\Users\Nanuzia\.m2\repository\org\eclipse\angus\angus-activation\2.0.1\angus-activation-2.0.1.jar;C:\Users\Nanuzia\.m2\repository\org\glassfish\jaxb\txw2\4.0.3\txw2-4.0.3.jar;C:\Users\Nanuzia\.m2\repository\com\sun\istack\istack-commons-runtime\4.1.2\istack-commons-runtime-4.1.2.jar;C:\Users\Nanuzia\.m2\repository\jakarta\inject\jakarta.inject-api\2.0.1\jakarta.inject-api-2.0.1.jar;C:\Users\Nanuzia\.m2\repository\org\antlr\antlr4-runtime\4.10.1\antlr4-runtime-4.10.1.jar;C:\Users\Nanuzia\.m2\repository\org\springframework\data\spring-data-jpa\3.1.2\spring-data-jpa-3.1.2.jar;C:\Users\Nanuzia\.m2\repository\org\springframework\data\spring-data-commons\3.1.2\spring-data-commons-3.1.2.jar;C:\Users\Nanuzia\.m2\repository\org\springframework\spring-orm\6.0.11\spring-orm-6.0.11.jar;C:\Users\Nanuzia\.m2\repository\org\springframework\spring-context\6.0.11\spring-context-6.0.11.jar;C:\Users\Nanuzia\.m2\repository\org\springframework\spring-tx\6.0.11\spring-tx-6.0.11.jar;C:\Users\Nanuzia\.m2\repository\org\springframework\spring-beans\6.0.11\spring-beans-6.0.11.jar;C:\Users\Nanuzia\.m2\repository\jakarta\annotation\jakarta.annotation-api\2.1.1\jakarta.annotation-api-2.1.1.jar;C:\Users\Nanuzia\.m2\repository\org\slf4j\slf4j-api\2.0.7\slf4j-api-2.0.7.jar;C:\Users\Nanuzia\.m2\repository\org\springframework\spring-aspects\6.0.11\spring-aspects-6.0.11.jar;C:\Users\Nanuzia\.m2\repository\org\springframework\boot\spring-boot-starter-web\3.1.2\spring-boot-starter-web-3.1.2.jar;C:\Users\Nanuzia\.m2\repository\org\springframework\boot\spring-boot-starter\3.1.2\spring-boot-starter-3.1.2.jar;C:\Users\Nanuzia\.m2\repository\org\springframework\boot\spring-boot\3.1.2\spring-boot-3.1.2.jar;C:\Users\Nanuzia\.m2\repository\org\springframework\boot\spring-boot-autoconfigure\3.1.2\spring-boot-autoconfigure-3.1.2.jar;C:\Users\Nanuzia\.m2\repository\org\springframework\boot\spring-boot-starter-logging\3.1.2\spring-boot-starter-logging-3.1.2.jar;C:\Users\Nanuzia\.m2\repository\ch\qos\logback\logback-classic\1.4.8\logback-classic-1.4.8.jar;C:\Users\Nanuzia\.m2\repository\ch\qos\logback\logback-core\1.4.8\logback-core-1.4.8.jar;C:\Users\Nanuzia\.m2\repository\org\apache\logging\log4j\log4j-to-slf4j\2.20.0\log4j-to-slf4j-2.20.0.jar;C:\Users\Nanuzia\.m2\repository\org\apache\logging\log4j\log4j-api\2.20.0\log4j-api-2.20.0.jar;C:\Users\Nanuzia\.m2\repository\org\slf4j\jul-to-slf4j\2.0.7\jul-to-slf4j-2.0.7.jar;C:\Users\Nanuzia\.m2\repository\org\yaml\snakeyaml\1.33\snakeyaml-1.33.jar;C:\Users\Nanuzia\.m2\repository\org\springframework\boot\spring-boot-starter-json\3.1.2\spring-boot-starter-json-3.1.2.jar;C:\Users\Nanuzia\.m2\repository\com\fasterxml\jackson\core\jackson-databind\2.15.2\jackson-databind-2.15.2.jar;C:\Users\Nanuzia\.m2\repository\com\fasterxml\jackson\core\jackson-annotations\2.15.2\jackson-annotations-2.15.2.jar;C:\Users\Nanuzia\.m2\repository\com\fasterxml\jackson\core\jackson-core\2.15.2\jackson-core-2.15.2.jar;C:\Users\Nanuzia\.m2\repository\com\fasterxml\jackson\datatype\jackson-datatype-jdk8\2.15.2\jackson-datatype-jdk8-2.15.2.jar;C:\Users\Nanuzia\.m2\repository\com\fasterxml\jackson\datatype\jackson-datatype-jsr310\2.15.2\jackson-datatype-jsr310-2.15.2.jar;C:\Users\Nanuzia\.m2\repository\com\fasterxml\jackson\module\jackson-module-parameter-names\2.15.2\jackson-module-parameter-names-2.15.2.jar;C:\Users\Nanuzia\.m2\repository\org\springframework\boot\spring-boot-starter-tomcat\3.1.2\spring-boot-starter-tomcat-3.1.2.jar;C:\Users\Nanuzia\.m2\repository\org\apache\tomcat\embed\tomcat-embed-core\10.1.11\tomcat-embed-core-10.1.11.jar;C:\Users\Nanuzia\.m2\repository\org\apache\tomcat\embed\tomcat-embed-websocket\10.1.11\tomcat-embed-websocket-10.1.11.jar;C:\Users\Nanuzia\.m2\repository\org\springframework\spring-web\6.0.11\spring-web-6.0.11.jar;C:\Users\Nanuzia\.m2\repository\io\micrometer\micrometer-observation\1.11.2\micrometer-observation-1.11.2.jar;C:\Users\Nanuzia\.m2\repository\io\micrometer\micrometer-commons\1.11.2\micrometer-commons-1.11.2.jar;C:\Users\Nanuzia\.m2\repository\org\springframework\spring-webmvc\6.0.11\spring-webmvc-6.0.11.jar;C:\Users\Nanuzia\.m2\repository\org\springframework\spring-expression\6.0.11\spring-expression-6.0.11.jar;C:\Users\Nanuzia\.m2\repository\com\h2database\h2\2.1.214\h2-2.1.214.jar;C:\Users\Nanuzia\.m2\repository\org\postgresql\postgresql\42.6.0\postgresql-42.6.0.jar;C:\Users\Nanuzia\.m2\repository\org\checkerframework\checker-qual\3.31.0\checker-qual-3.31.0.jar;C:\Users\Nanuzia\.m2\repository\jakarta\xml\bind\jakarta.xml.bind-api\4.0.0\jakarta.xml.bind-api-4.0.0.jar;C:\Users\Nanuzia\.m2\repository\jakarta\activation\jakarta.activation-api\2.1.2\jakarta.activation-api-2.1.2.jar;C:\Users\Nanuzia\.m2\repository\org\springframework\spring-core\6.0.11\spring-core-6.0.11.jar;C:\Users\Nanuzia\.m2\repository\org\springframework\spring-jcl\6.0.11\spring-jcl-6.0.11.jar;C:\Users\Nanuzia\.m2\repository\org\springframework\boot\spring-boot-starter-validation\3.1.2\spring-boot-starter-validation-3.1.2.jar;C:\Users\Nanuzia\.m2\repository\org\apache\tomcat\embed\tomcat-embed-el\10.1.11\tomcat-embed-el-10.1.11.jar;C:\Users\Nanuzia\.m2\repository\org\hibernate\validator\hibernate-validator\8.0.1.Final\hibernate-validator-8.0.1.Final.jar;C:\Users\Nanuzia\.m2\repository\jakarta\validation\jakarta.validation-api\3.0.2\jakarta.validation-api-3.0.2.jar;C:\Users\Nanuzia\.m2\repository\org\springframework\boot\spring-boot-starter-thymeleaf\3.1.2\spring-boot-starter-thymeleaf-3.1.2.jar;C:\Users\Nanuzia\.m2\repository\org\thymeleaf\thymeleaf-spring6\3.1.1.RELEASE\thymeleaf-spring6-3.1.1.RELEASE.jar;C:\Users\Nanuzia\.m2\repository\org\thymeleaf\thymeleaf\3.1.1.RELEASE\thymeleaf-3.1.1.RELEASE.jar;C:\Users\Nanuzia\.m2\repository\org\attoparser\attoparser\2.0.6.RELEASE\attoparser-2.0.6.RELEASE.jar;C:\Users\Nanuzia\.m2\repository\org\unbescape\unbescape\1.1.6.RELEASE\unbescape-1.1.6.RELEASE.jar
Launcher Type: SUN_STANDARD

[Global flags]
     intx CICompilerCount                          = 3                                         {product} {ergonomic}
     uint ConcGCThreads                            = 1                                         {product} {ergonomic}
     uint G1ConcRefinementThreads                  = 4                                         {product} {ergonomic}
   size_t G1HeapRegionSize                         = 2097152                                   {product} {ergonomic}
    uintx GCDrainStackTargetSize                   = 64                                        {product} {ergonomic}
   size_t InitialHeapSize                          = 201326592                                 {product} {ergonomic}
   size_t MarkStackSize                            = 4194304                                   {product} {ergonomic}
   size_t MaxHeapSize                              = 3196059648                                {product} {ergonomic}
   size_t MaxNewSize                               = 1916796928                                {product} {ergonomic}
   size_t MinHeapDeltaBytes                        = 2097152                                   {product} {ergonomic}
   size_t MinHeapSize                              = 8388608                                   {product} {ergonomic}
    uintx NonNMethodCodeHeapSize                   = 5832780                                {pd product} {ergonomic}
    uintx NonProfiledCodeHeapSize                  = 122912730                              {pd product} {ergonomic}
    uintx ProfiledCodeHeapSize                     = 122912730                              {pd product} {ergonomic}
    uintx ReservedCodeCacheSize                    = 251658240                              {pd product} {ergonomic}
     bool SegmentedCodeCache                       = true                                      {product} {ergonomic}
   size_t SoftMaxHeapSize                          = 3196059648                             {manageable} {ergonomic}
     bool UseCompressedClassPointers               = true                           {product lp64_product} {ergonomic}
     bool UseCompressedOops                        = true                           {product lp64_product} {ergonomic}
     bool UseG1GC                                  = true                                      {product} {ergonomic}
     bool UseLargePagesIndividualAllocation        = false                                  {pd product} {ergonomic}

Logging:
Log output configuration:
 #0: stdout all=warning uptime,level,tags foldmultilines=false
 #1: stderr all=off uptime,level,tags foldmultilines=false

Environment Variables:
PATH=C:\Program Files\Common Files\Oracle\Java\javapath;C:\Windows\system32;C:\Windows;C:\Windows\System32\Wbem;C:\Windows\System32\WindowsPowerShell\v1.0\;C:\Windows\System32\OpenSSH\;C:\Program Files\dotnet\;C:\Program Files\Git\cmd;C:\Program Files\Docker\Docker\resources\bin;C:\Users\Nanuzia\AppData\Local\Programs\Python\Python311\Scripts\;C:\Users\Nanuzia\AppData\Local\Programs\Python\Python311\;C:\Users\Nanuzia\AppData\Local\Microsoft\WindowsApps;;C:\Program Files\JetBrains\IntelliJ IDEA Community Edition 2022.2\bin;;C:\Users\Nanuzia\AppData\Local\Programs\Microsoft VS Code\bin
USERNAME=Nanuzia
OS=Windows_NT
PROCESSOR_IDENTIFIER=Intel64 Family 6 Model 58 Stepping 9, GenuineIntel



---------------  S Y S T E M  ---------------

OS:
 Windows 10 , 64 bit Build 19041 (10.0.19041.3393)
OS uptime: 0 days 12:12 hours
Hyper-V role detected

CPU: total 4 (initial active 4) (2 cores per cpu, 2 threads per core) family 6 model 58 stepping 9 microcode 0x21, cx8, cmov, fxsr, ht, mmx, sse, sse2, sse3, ssse3, sse4.1, sse4.2, popcnt, tsc, tscinvbit, avx, erms, clmul, vzeroupper, clflush, hv

Memory: 4k page, system-wide physical 12188M (3947M free)
TotalPageFile size 27548M (AvailPageFile size 17339M)
current process WorkingSet (physical memory assigned to process): 304M, peak: 304M
current process commit charge ("private bytes"): 334M, peak: 338M

vm_info: Java HotSpot(TM) 64-Bit Server VM (18.0.2+9-61) for windows-amd64 JRE (18.0.2+9-61), built on Jun  7 2022 13:09:01 by "mach5one" with MS VC++ 16.8 / 16.9 (VS2019)

END.
